[youtube] Extracting URL: https://www.youtube.com/watch?v=1PBRhm5ZnjU
[youtube] 1PBRhm5ZnjU: Downloading webpage
[youtube] 1PBRhm5ZnjU: Downloading android vr player API JSON
[youtube] 1PBRhm5ZnjU: Downloading player 445213fb-main
[youtube] [jsc:deno] Solving JS challenges using deno
[youtube] 1PBRhm5ZnjU: Downloading m3u8 information
[info] 1PBRhm5ZnjU: Downloading 1 format(s): 399+140
[download] Destination: /Users/nima/Downloads/test2.f399.mp4
[download]   0.0% of   15.59MiB at    7.28KiB/s ETA 36:34
[download]   0.0% of   15.59MiB at   21.51KiB/s ETA 12:22
[download]   0.0% of   15.59MiB at   49.76KiB/s ETA 05:20
[download]   0.1% of   15.59MiB at  106.20KiB/s ETA 02:30
[download]   0.2% of   15.59MiB at  152.25KiB/s ETA 01:44
[download]   0.4% of   15.59MiB at  214.52KiB/s ETA 01:14
[download]   0.8% of   15.59MiB at  330.14KiB/s ETA 00:47
[download]   1.6% of   15.59MiB at  534.67KiB/s ETA 00:29
[download]   3.2% of   15.59MiB at  765.21KiB/s ETA 00:20
[download]   6.4% of   15.59MiB at    1.23MiB/s ETA 00:11
[download]  12.8% of   15.59MiB at    1.97MiB/s ETA 00:06
[download]  25.6% of   15.59MiB at    3.05MiB/s ETA 00:03
[download]  51.3% of   15.59MiB at    3.56MiB/s ETA 00:02
[download]  61.6% of   15.59MiB at    3.72MiB/s ETA 00:01
[download]  61.6% of   15.59MiB at   43.49KiB/s ETA 02:20
[download]  61.6% of   15.59MiB at  113.07KiB/s ETA 00:54
[download]  61.7% of   15.59MiB at  254.33KiB/s ETA 00:24
[download]  61.7% of   15.59MiB at  532.02KiB/s ETA 00:11
[download]  61.8% of   15.59MiB at    1.05MiB/s ETA 00:05
[download]  62.0% of   15.59MiB at    2.10MiB/s ETA 00:02
[download]  62.4% of   15.59MiB at    3.06MiB/s ETA 00:01
[download]  63.2% of   15.59MiB at    3.17MiB/s ETA 00:01
[download]  64.8% of   15.59MiB at    3.10MiB/s ETA 00:01
[download]  68.0% of   15.59MiB at    3.04MiB/s ETA 00:01
[download]  74.4% of   15.59MiB at    2.70MiB/s ETA 00:01
[download]  87.3% of   15.59MiB at    2.60MiB/s ETA 00:00
[download] 100.0% of   15.59MiB at    2.72MiB/s ETA 00:00
[download] 100% of   15.59MiB in 00:00:08 at 1.91MiB/s
[download] Destination: /Users/nima/Downloads/test2.f140.m4a
[download]   0.0% of    4.76MiB at  837.69KiB/s ETA 00:05
[download]   0.1% of    4.76MiB at    1.54MiB/s ETA 00:03
[download]   0.1% of    4.76MiB at    2.40MiB/s ETA 00:01
[download]   0.3% of    4.76MiB at    4.34MiB/s ETA 00:01
[download]   0.6% of    4.76MiB at    7.93MiB/s ETA 00:00
[download]   1.3% of    4.76MiB at   14.52MiB/s ETA 00:00
[download]   2.6% of    4.76MiB at   26.50MiB/s ETA 00:00
[download]   5.2% of    4.76MiB at    7.70MiB/s ETA 00:00
[download]  10.5% of    4.76MiB at    5.40MiB/s ETA 00:00
[download]  21.0% of    4.76MiB at    4.61MiB/s ETA 00:00
[download]  42.0% of    4.76MiB at    4.31MiB/s ETA 00:00
[download]  84.0% of    4.76MiB at    4.15MiB/s ETA 00:00
[download] 100.0% of    4.76MiB at    4.11MiB/s ETA 00:00
[download] 100% of    4.76MiB in 00:00:01 at 3.20MiB/s
[Merger] Merging formats into "/Users/nima/Downloads/test2.mp4"
Deleting original file /Users/nima/Downloads/test2.f140.m4a (pass -k to keep)
Deleting original file /Users/nima/Downloads/test2.f399.mp4 (pass -k to keep)
